08 apr. 2024 18:05:54,920 TRACE com.client.gui.LoginController 36 handleLogin - Enter
08 apr. 2024 18:05:56,346 TRACE com.client.gui.LoginController 54 handleLogin - Exit
08 apr. 2024 18:08:11,404 TRACE com.client.gui.LoginController 36 handleLogin - Enter
08 apr. 2024 18:08:17,731 TRACE com.client.gui.LoginController 54 handleLogin - Exit
08 apr. 2024 18:08:20,380 TRACE com.client.gui.LoginController 36 handleLogin - Enter
08 apr. 2024 18:08:23,277 TRACE com.client.gui.LoginController 54 handleLogin - Exit
08 apr. 2024 18:09:13,662 TRACE com.client.gui.LoginController 36 handleLogin - Enter
08 apr. 2024 18:09:16,066 TRACE com.client.gui.LoginController 54 handleLogin - Exit
08 apr. 2024 18:11:02,928 TRACE com.client.gui.LoginController 36 handleLogin - Enter
08 apr. 2024 18:11:17,904 TRACE com.client.gui.LoginController 54 handleLogin - Exit
08 apr. 2024 18:11:18,731 TRACE com.client.gui.LoginController 36 handleLogin - Enter
08 apr. 2024 18:12:03,094 TRACE com.client.gui.LoginController 54 handleLogin - Exit
08 apr. 2024 18:15:30,416 TRACE com.client.gui.LoginController 36 handleLogin - Enter
08 apr. 2024 18:15:32,941 TRACE com.client.gui.LoginController 54 handleLogin - Exit
08 apr. 2024 18:22:02,918 TRACE com.client.gui.LoginController 36 handleLogin - Enter
08 apr. 2024 18:22:04,366 TRACE com.client.gui.LoginController 54 handleLogin - Exit
08 apr. 2024 18:29:01,213 TRACE com.client.gui.LoginController 36 handleLogin - Enter
08 apr. 2024 18:34:32,910 TRACE com.client.gui.LoginController 36 handleLogin - Enter
08 apr. 2024 18:38:50,741 TRACE com.client.gui.LoginController 37 handleLogin - Enter
08 apr. 2024 18:38:50,747 TRACE com.client.gui.LoginController 73 handleLogin - Exit
08 apr. 2024 18:38:56,336 TRACE com.client.gui.LoginController 37 handleLogin - Enter
08 apr. 2024 18:38:56,336 TRACE com.client.gui.LoginController 73 handleLogin - Exit
08 apr. 2024 18:38:57,728 TRACE com.client.gui.LoginController 37 handleLogin - Enter
08 apr. 2024 18:38:57,729 TRACE com.client.gui.LoginController 73 handleLogin - Exit
08 apr. 2024 18:38:58,643 TRACE com.client.gui.LoginController 37 handleLogin - Enter
08 apr. 2024 18:38:58,644 TRACE com.client.gui.LoginController 73 handleLogin - Exit
08 apr. 2024 18:38:59,626 TRACE com.client.gui.LoginController 37 handleLogin - Enter
08 apr. 2024 18:38:59,627 TRACE com.client.gui.LoginController 73 handleLogin - Exit
08 apr. 2024 18:39:01,302 TRACE com.client.gui.LoginController 37 handleLogin - Enter
08 apr. 2024 18:39:01,303 TRACE com.client.gui.LoginController 73 handleLogin - Exit
08 apr. 2024 18:40:14,668 TRACE com.client.gui.LoginController 37 handleLogin - Enter
08 apr. 2024 18:40:14,674 TRACE com.client.gui.LoginController 73 handleLogin - Exit
08 apr. 2024 18:40:16,595 TRACE com.client.gui.LoginController 37 handleLogin - Enter
08 apr. 2024 18:40:16,595 TRACE com.client.gui.LoginController 73 handleLogin - Exit
08 apr. 2024 18:40:45,859 TRACE com.client.gui.LoginController 36 handleLogin - Enter
08 apr. 2024 18:43:28,614 TRACE com.client.gui.LoginController 36 handleLogin - Enter
08 apr. 2024 18:45:53,918 TRACE com.client.gui.LoginController 36 handleLogin - Enter
08 apr. 2024 18:55:37,037 TRACE com.client.gui.LoginController 36 handleLogin - Enter
08 apr. 2024 19:28:45,883 TRACE com.client.gui.LoginController 36 handleLogin - Enter
09 apr. 2024 10:23:10,235 TRACE com.client.gui.LoginController 36 handleLogin - Enter
09 apr. 2024 11:21:04,773 TRACE com.client.gui.LoginController 36 handleLogin - Enter
09 apr. 2024 11:33:14,303 TRACE com.client.gui.LoginController 36 handleLogin - Enter
09 apr. 2024 11:35:38,156 TRACE com.client.gui.LoginController 36 handleLogin - Enter
09 apr. 2024 11:41:07,078 TRACE com.client.gui.LoginController 36 handleLogin - Enter
09 apr. 2024 11:41:41,955 TRACE com.client.gui.LoginController 54 handleLogin - Exit
09 apr. 2024 11:46:42,226 TRACE com.client.gui.LoginController 36 handleLogin - Enter
09 apr. 2024 11:46:43,724 TRACE com.client.gui.LoginController 54 handleLogin - Exit
09 apr. 2024 11:49:46,021 TRACE com.client.gui.LoginController 36 handleLogin - Enter
09 apr. 2024 11:52:08,038 TRACE com.client.gui.LoginController 36 handleLogin - Enter
09 apr. 2024 11:54:47,035 TRACE com.client.gui.LoginController 36 handleLogin - Enter
09 apr. 2024 11:54:56,001 TRACE com.client.gui.LoginController 54 handleLogin - Exit
13 apr. 2024 16:55:35,518 TRACE com.client.gui.LoginController 36 handleLogin - Enter
13 apr. 2024 16:57:10,591 TRACE com.client.gui.LoginController 36 handleLogin - Enter
13 apr. 2024 16:59:45,963 TRACE com.client.gui.LoginController 36 handleLogin - Enter
13 apr. 2024 17:02:42,050 TRACE com.client.gui.LoginController 36 handleLogin - Enter
13 apr. 2024 17:02:50,133 TRACE com.client.gui.LoginController 54 handleLogin - Exit
13 apr. 2024 17:56:36,293 TRACE com.client.gui.LoginController 36 handleLogin - Enter
13 apr. 2024 17:56:46,192 TRACE com.client.gui.LoginController 54 handleLogin - Exit
13 apr. 2024 17:58:23,343 TRACE com.client.gui.LoginController 36 handleLogin - Enter
13 apr. 2024 17:58:24,871 TRACE com.client.gui.LoginController 54 handleLogin - Exit
13 apr. 2024 17:58:28,007 TRACE com.client.gui.LoginController 36 handleLogin - Enter
13 apr. 2024 17:58:49,505 TRACE com.client.gui.LoginController 54 handleLogin - Exit
13 apr. 2024 18:07:11,232 TRACE com.client.gui.LoginController 36 handleLogin - Enter
13 apr. 2024 18:44:50,686 TRACE com.client.gui.LoginController 36 handleLogin - Enter
13 apr. 2024 18:47:47,579 TRACE com.client.gui.LoginController 36 handleLogin - Enter
13 apr. 2024 18:47:48,019 TRACE com.client.gui.LoginController 54 handleLogin - Exit
13 apr. 2024 18:49:28,567 TRACE com.client.gui.LoginController 36 handleLogin - Enter
13 apr. 2024 18:49:28,838 TRACE com.client.gui.LoginController 54 handleLogin - Exit
13 apr. 2024 18:52:12,814 TRACE com.client.gui.LoginController 36 handleLogin - Enter
13 apr. 2024 18:52:13,239 TRACE com.client.gui.LoginController 54 handleLogin - Exit
13 apr. 2024 18:52:55,514 TRACE com.client.gui.LoginController 36 handleLogin - Enter
13 apr. 2024 18:52:55,812 TRACE com.client.gui.LoginController 54 handleLogin - Exit
13 apr. 2024 18:58:16,802 TRACE com.client.gui.LoginController 36 handleLogin - Enter
13 apr. 2024 18:58:17,264 TRACE com.client.gui.LoginController 54 handleLogin - Exit
13 apr. 2024 19:29:57,619 TRACE com.client.gui.LoginController 36 handleLogin - Enter
13 apr. 2024 19:29:58,092 TRACE com.client.gui.LoginController 54 handleLogin - Exit
13 apr. 2024 19:33:50,773 TRACE com.client.gui.LoginController 36 handleLogin - Enter
13 apr. 2024 19:33:51,077 TRACE com.client.gui.LoginController 54 handleLogin - Exit
13 apr. 2024 19:42:44,368 TRACE com.client.gui.LoginController 36 handleLogin - Enter
13 apr. 2024 19:45:28,127 TRACE com.client.gui.LoginController 36 handleLogin - Enter
13 apr. 2024 19:46:12,248 TRACE com.client.gui.LoginController 36 handleLogin - Enter
13 apr. 2024 19:50:36,084 TRACE com.client.gui.LoginController 36 handleLogin - Enter
13 apr. 2024 19:54:25,921 TRACE com.client.gui.LoginController 36 handleLogin - Enter
13 apr. 2024 19:58:29,843 TRACE com.client.gui.LoginController 36 handleLogin - Enter
13 apr. 2024 20:01:19,794 TRACE com.client.gui.LoginController 36 handleLogin - Enter
13 apr. 2024 20:04:02,586 TRACE com.client.gui.LoginController 36 handleLogin - Enter
13 apr. 2024 20:05:39,333 TRACE com.client.gui.LoginController 36 handleLogin - Enter
13 apr. 2024 20:05:39,853 TRACE com.client.gui.LoginController 54 handleLogin - Exit
13 apr. 2024 20:12:32,920 TRACE com.client.gui.LoginController 36 handleLogin - Enter
13 apr. 2024 20:12:33,427 TRACE com.client.gui.LoginController 54 handleLogin - Exit
13 apr. 2024 20:25:51,353 TRACE com.client.gui.LoginController 36 handleLogin - Enter
13 apr. 2024 20:25:51,860 TRACE com.client.gui.LoginController 54 handleLogin - Exit
13 apr. 2024 20:27:16,680 TRACE com.client.gui.LoginController 36 handleLogin - Enter
13 apr. 2024 20:27:17,199 TRACE com.client.gui.LoginController 54 handleLogin - Exit
13 apr. 2024 20:31:24,628 TRACE com.client.gui.LoginController 36 handleLogin - Enter
13 apr. 2024 20:31:24,947 TRACE com.client.gui.LoginController 54 handleLogin - Exit
13 apr. 2024 20:32:15,301 TRACE com.client.gui.LoginController 36 handleLogin - Enter
13 apr. 2024 20:32:15,614 TRACE com.client.gui.LoginController 54 handleLogin - Exit
13 apr. 2024 20:35:40,000 TRACE com.client.gui.LoginController 36 handleLogin - Enter
13 apr. 2024 20:35:40,545 TRACE com.client.gui.LoginController 54 handleLogin - Exit
13 apr. 2024 20:38:16,486 TRACE com.client.gui.LoginController 36 handleLogin - Enter
13 apr. 2024 20:38:16,994 TRACE com.client.gui.LoginController 54 handleLogin - Exit
13 apr. 2024 20:44:48,271 TRACE com.client.gui.LoginController 36 handleLogin - Enter
13 apr. 2024 20:44:48,807 TRACE com.client.gui.LoginController 54 handleLogin - Exit
13 apr. 2024 20:56:10,934 TRACE com.client.gui.LoginController 36 handleLogin - Enter
13 apr. 2024 20:56:11,464 TRACE com.client.gui.LoginController 54 handleLogin - Exit
13 apr. 2024 21:04:58,479 TRACE com.client.gui.LoginController 36 handleLogin - Enter
13 apr. 2024 21:04:58,981 TRACE com.client.gui.LoginController 54 handleLogin - Exit
13 apr. 2024 21:06:08,041 TRACE com.client.gui.LoginController 36 handleLogin - Enter
13 apr. 2024 21:06:08,575 TRACE com.client.gui.LoginController 54 handleLogin - Exit
13 apr. 2024 21:07:39,502 TRACE com.client.gui.LoginController 36 handleLogin - Enter
13 apr. 2024 21:07:40,035 TRACE com.client.gui.LoginController 54 handleLogin - Exit
13 apr. 2024 21:10:28,328 TRACE com.client.gui.LoginController 36 handleLogin - Enter
13 apr. 2024 21:10:28,853 TRACE com.client.gui.LoginController 54 handleLogin - Exit
13 apr. 2024 21:24:40,556 TRACE com.client.gui.LoginController 36 handleLogin - Enter
13 apr. 2024 21:24:41,066 TRACE com.client.gui.LoginController 54 handleLogin - Exit
13 apr. 2024 21:27:42,453 TRACE com.client.gui.LoginController 36 handleLogin - Enter
13 apr. 2024 21:27:42,976 TRACE com.client.gui.LoginController 54 handleLogin - Exit
13 apr. 2024 21:30:28,773 TRACE com.client.gui.LoginController 36 handleLogin - Enter
13 apr. 2024 21:30:29,319 TRACE com.client.gui.LoginController 54 handleLogin - Exit
13 apr. 2024 21:39:12,078 TRACE com.client.gui.LoginController 36 handleLogin - Enter
13 apr. 2024 21:39:12,626 TRACE com.client.gui.LoginController 54 handleLogin - Exit
13 apr. 2024 21:47:00,451 TRACE com.client.gui.LoginController 36 handleLogin - Enter
13 apr. 2024 21:47:00,954 TRACE com.client.gui.LoginController 54 handleLogin - Exit
13 apr. 2024 21:58:23,626 TRACE com.client.gui.LoginController 36 handleLogin - Enter
13 apr. 2024 21:58:24,120 TRACE com.client.gui.LoginController 54 handleLogin - Exit
13 apr. 2024 22:58:19,411 TRACE com.client.gui.LoginController 36 handleLogin - Enter
13 apr. 2024 22:58:19,946 TRACE com.client.gui.LoginController 54 handleLogin - Exit
13 apr. 2024 23:00:37,084 TRACE com.client.gui.LoginController 36 handleLogin - Enter
13 apr. 2024 23:00:37,594 TRACE com.client.gui.LoginController 54 handleLogin - Exit
13 apr. 2024 23:01:55,823 TRACE com.client.gui.LoginController 36 handleLogin - Enter
13 apr. 2024 23:01:56,321 TRACE com.client.gui.LoginController 54 handleLogin - Exit
13 apr. 2024 23:07:31,465 TRACE com.client.gui.LoginController 36 handleLogin - Enter
13 apr. 2024 23:07:32,013 TRACE com.client.gui.LoginController 54 handleLogin - Exit
13 apr. 2024 23:27:04,234 TRACE com.client.gui.LoginController 36 handleLogin - Enter
13 apr. 2024 23:27:53,298 TRACE com.client.gui.LoginController 36 handleLogin - Enter
13 apr. 2024 23:27:53,840 TRACE com.client.gui.LoginController 54 handleLogin - Exit
13 apr. 2024 23:29:21,330 TRACE com.client.gui.LoginController 36 handleLogin - Enter
13 apr. 2024 23:29:21,829 TRACE com.client.gui.LoginController 54 handleLogin - Exit
13 apr. 2024 23:31:23,968 TRACE com.client.gui.LoginController 36 handleLogin - Enter
13 apr. 2024 23:31:24,513 TRACE com.client.gui.LoginController 54 handleLogin - Exit
13 apr. 2024 23:32:48,944 TRACE com.client.gui.LoginController 36 handleLogin - Enter
13 apr. 2024 23:32:49,458 TRACE com.client.gui.LoginController 54 handleLogin - Exit
13 apr. 2024 23:37:35,793 TRACE com.client.gui.LoginController 36 handleLogin - Enter
13 apr. 2024 23:37:36,328 TRACE com.client.gui.LoginController 54 handleLogin - Exit
13 apr. 2024 23:42:32,890 TRACE com.client.gui.LoginController 36 handleLogin - Enter
13 apr. 2024 23:43:34,364 TRACE com.client.gui.LoginController 36 handleLogin - Enter
13 apr. 2024 23:43:34,916 TRACE com.client.gui.LoginController 54 handleLogin - Exit
13 apr. 2024 23:48:18,637 TRACE com.client.gui.LoginController 36 handleLogin - Enter
13 apr. 2024 23:48:19,251 TRACE com.client.gui.LoginController 54 handleLogin - Exit
14 apr. 2024 20:35:25,178 TRACE com.client.gui.LoginController 36 handleLogin - Enter
14 apr. 2024 20:35:25,750 TRACE com.client.gui.LoginController 54 handleLogin - Exit
14 apr. 2024 20:41:03,221 TRACE com.client.gui.LoginController 36 handleLogin - Enter
14 apr. 2024 20:41:03,739 TRACE com.client.gui.LoginController 54 handleLogin - Exit
14 apr. 2024 20:57:24,135 TRACE com.client.gui.LoginController 36 handleLogin - Enter
14 apr. 2024 20:57:50,829 TRACE com.client.gui.LoginController 36 handleLogin - Enter
14 apr. 2024 20:58:42,111 TRACE com.client.gui.LoginController 36 handleLogin - Enter
14 apr. 2024 20:58:42,683 TRACE com.client.gui.LoginController 54 handleLogin - Exit
14 apr. 2024 21:01:06,516 TRACE com.client.gui.LoginController 36 handleLogin - Enter
14 apr. 2024 21:01:25,035 TRACE com.client.gui.LoginController 54 handleLogin - Exit
14 apr. 2024 21:16:09,432 TRACE com.client.gui.LoginController 36 handleLogin - Enter
14 apr. 2024 21:16:09,988 TRACE com.client.gui.LoginController 54 handleLogin - Exit
14 apr. 2024 21:16:36,401 TRACE com.client.gui.LoginController 36 handleLogin - Enter
14 apr. 2024 21:16:36,786 TRACE com.client.gui.LoginController 54 handleLogin - Exit
14 apr. 2024 23:29:32,614 TRACE com.client.gui.LoginController 36 handleLogin - Enter
14 apr. 2024 23:29:33,199 TRACE com.client.gui.LoginController 54 handleLogin - Exit
14 apr. 2024 23:33:00,583 TRACE com.client.gui.LoginController 36 handleLogin - Enter
14 apr. 2024 23:33:01,222 TRACE com.client.gui.LoginController 54 handleLogin - Exit
14 apr. 2024 23:34:01,518 TRACE com.client.gui.LoginController 36 handleLogin - Enter
14 apr. 2024 23:34:02,045 TRACE com.client.gui.LoginController 54 handleLogin - Exit
14 apr. 2024 23:35:27,970 TRACE com.client.gui.LoginController 36 handleLogin - Enter
14 apr. 2024 23:35:28,624 TRACE com.client.gui.LoginController 54 handleLogin - Exit
15 apr. 2024 15:13:20,918 TRACE com.client.gui.LoginController 36 handleLogin - Enter
15 apr. 2024 15:13:21,654 TRACE com.client.gui.LoginController 54 handleLogin - Exit
15 apr. 2024 15:13:29,245 TRACE com.client.gui.LoginController 36 handleLogin - Enter
15 apr. 2024 15:16:56,875 TRACE com.client.gui.LoginController 36 handleLogin - Enter
15 apr. 2024 15:16:57,593 TRACE com.client.gui.LoginController 54 handleLogin - Exit
15 apr. 2024 15:17:21,333 TRACE com.client.gui.LoginController 36 handleLogin - Enter
15 apr. 2024 15:17:21,795 TRACE com.client.gui.LoginController 54 handleLogin - Exit
15 apr. 2024 15:38:47,211 TRACE com.client.gui.LoginController 36 handleLogin - Enter
15 apr. 2024 15:38:47,962 TRACE com.client.gui.LoginController 54 handleLogin - Exit
15 apr. 2024 15:38:57,567 TRACE com.client.gui.LoginController 36 handleLogin - Enter
15 apr. 2024 15:38:58,017 TRACE com.client.gui.LoginController 54 handleLogin - Exit
15 apr. 2024 15:41:11,161 TRACE com.client.gui.LoginController 36 handleLogin - Enter
15 apr. 2024 15:41:11,921 TRACE com.client.gui.LoginController 54 handleLogin - Exit
15 apr. 2024 15:41:20,514 TRACE com.client.gui.LoginController 36 handleLogin - Enter
15 apr. 2024 15:41:20,983 TRACE com.client.gui.LoginController 54 handleLogin - Exit
15 apr. 2024 15:43:12,573 TRACE com.client.gui.LoginController 36 handleLogin - Enter
15 apr. 2024 15:43:34,715 TRACE com.client.gui.LoginController 36 handleLogin - Enter
15 apr. 2024 15:44:32,875 TRACE com.client.gui.LoginController 36 handleLogin - Enter
15 apr. 2024 15:45:14,548 TRACE com.client.gui.LoginController 36 handleLogin - Enter
15 apr. 2024 15:45:15,281 TRACE com.client.gui.LoginController 54 handleLogin - Exit
15 apr. 2024 15:56:27,307 TRACE com.client.gui.LoginController 36 handleLogin - Enter
15 apr. 2024 15:56:28,059 TRACE com.client.gui.LoginController 54 handleLogin - Exit
15 apr. 2024 15:56:47,947 TRACE com.client.gui.LoginController 36 handleLogin - Enter
15 apr. 2024 15:56:48,398 TRACE com.client.gui.LoginController 54 handleLogin - Exit
15 apr. 2024 16:07:11,010 TRACE com.client.gui.LoginController 36 handleLogin - Enter
15 apr. 2024 16:07:11,748 TRACE com.client.gui.LoginController 54 handleLogin - Exit
15 apr. 2024 16:07:34,176 TRACE com.client.gui.LoginController 36 handleLogin - Enter
15 apr. 2024 16:07:34,630 TRACE com.client.gui.LoginController 54 handleLogin - Exit
15 apr. 2024 16:14:05,929 TRACE com.client.gui.LoginController 36 handleLogin - Enter
15 apr. 2024 16:14:06,663 TRACE com.client.gui.LoginController 54 handleLogin - Exit
15 apr. 2024 16:14:32,645 TRACE com.client.gui.LoginController 36 handleLogin - Enter
15 apr. 2024 16:14:33,122 TRACE com.client.gui.LoginController 54 handleLogin - Exit
15 apr. 2024 16:22:11,111 TRACE com.client.gui.LoginController 36 handleLogin - Enter
15 apr. 2024 16:22:11,875 TRACE com.client.gui.LoginController 54 handleLogin - Exit
15 apr. 2024 16:22:36,768 TRACE com.client.gui.LoginController 36 handleLogin - Enter
15 apr. 2024 16:22:37,251 TRACE com.client.gui.LoginController 54 handleLogin - Exit
15 apr. 2024 16:45:34,023 TRACE com.client.gui.LoginController 36 handleLogin - Enter
15 apr. 2024 16:45:34,813 TRACE com.client.gui.LoginController 54 handleLogin - Exit
15 apr. 2024 16:46:21,174 TRACE com.client.gui.LoginController 36 handleLogin - Enter
15 apr. 2024 16:46:21,544 TRACE com.client.gui.LoginController 54 handleLogin - Exit
15 apr. 2024 16:47:25,807 TRACE com.client.gui.LoginController 36 handleLogin - Enter
15 apr. 2024 16:47:26,197 TRACE com.client.gui.LoginController 54 handleLogin - Exit
15 apr. 2024 16:56:44,741 TRACE com.client.gui.LoginController 36 handleLogin - Enter
15 apr. 2024 16:56:45,289 TRACE com.client.gui.LoginController 54 handleLogin - Exit
15 apr. 2024 16:57:38,769 TRACE com.client.gui.LoginController 36 handleLogin - Enter
15 apr. 2024 16:57:39,125 TRACE com.client.gui.LoginController 54 handleLogin - Exit
15 apr. 2024 18:52:59,677 TRACE com.client.gui.LoginController 37 handleLogin - Enter
15 apr. 2024 19:00:44,190 TRACE com.client.gui.LoginController 37 handleLogin - Enter
15 apr. 2024 19:01:23,155 TRACE com.client.gui.LoginController 37 handleLogin - Enter
15 apr. 2024 19:01:24,701 TRACE com.client.gui.LoginController 55 handleLogin - Exit
15 apr. 2024 19:01:36,496 TRACE com.client.gui.LoginController 37 handleLogin - Enter
15 apr. 2024 19:04:28,937 TRACE com.client.gui.LoginController 37 handleLogin - Enter
15 apr. 2024 19:04:29,702 TRACE com.client.gui.LoginController 55 handleLogin - Exit
15 apr. 2024 19:05:06,381 TRACE com.client.gui.LoginController 37 handleLogin - Enter
15 apr. 2024 19:05:06,864 TRACE com.client.gui.LoginController 55 handleLogin - Exit
16 apr. 2024 10:04:20,123 TRACE com.client.gui.LoginController 37 handleLogin - Enter
16 apr. 2024 10:04:20,877 TRACE com.client.gui.LoginController 55 handleLogin - Exit
16 apr. 2024 10:05:47,698 TRACE com.client.gui.LoginController 37 handleLogin - Enter
16 apr. 2024 10:05:48,202 TRACE com.client.gui.LoginController 55 handleLogin - Exit
16 apr. 2024 10:10:04,548 TRACE com.client.gui.LoginController 37 handleLogin - Enter
16 apr. 2024 10:10:05,309 TRACE com.client.gui.LoginController 55 handleLogin - Exit
16 apr. 2024 10:10:29,974 TRACE com.client.gui.LoginController 37 handleLogin - Enter
16 apr. 2024 10:10:30,509 TRACE com.client.gui.LoginController 55 handleLogin - Exit
16 apr. 2024 10:22:54,113 TRACE com.client.gui.LoginController 37 handleLogin - Enter
16 apr. 2024 10:22:54,884 TRACE com.client.gui.LoginController 55 handleLogin - Exit
16 apr. 2024 10:23:28,707 TRACE com.client.gui.LoginController 37 handleLogin - Enter
16 apr. 2024 10:23:29,227 TRACE com.client.gui.LoginController 55 handleLogin - Exit
16 apr. 2024 10:33:53,727 TRACE com.client.gui.LoginController 37 handleLogin - Enter
16 apr. 2024 10:33:54,497 TRACE com.client.gui.LoginController 55 handleLogin - Exit
16 apr. 2024 10:34:09,144 TRACE com.client.gui.LoginController 37 handleLogin - Enter
16 apr. 2024 10:34:09,625 TRACE com.client.gui.LoginController 55 handleLogin - Exit
16 apr. 2024 10:36:00,285 TRACE com.client.gui.LoginController 37 handleLogin - Enter
16 apr. 2024 10:36:00,996 TRACE com.client.gui.LoginController 55 handleLogin - Exit
16 apr. 2024 10:37:00,582 TRACE com.client.gui.LoginController 37 handleLogin - Enter
16 apr. 2024 10:37:01,098 TRACE com.client.gui.LoginController 55 handleLogin - Exit
16 apr. 2024 10:39:28,923 TRACE com.client.gui.LoginController 37 handleLogin - Enter
16 apr. 2024 10:39:29,662 TRACE com.client.gui.LoginController 55 handleLogin - Exit
16 apr. 2024 10:39:56,164 TRACE com.client.gui.LoginController 37 handleLogin - Enter
16 apr. 2024 10:39:56,648 TRACE com.client.gui.LoginController 55 handleLogin - Exit
16 apr. 2024 10:45:15,398 TRACE com.client.gui.LoginController 37 handleLogin - Enter
16 apr. 2024 10:45:16,137 TRACE com.client.gui.LoginController 55 handleLogin - Exit
16 apr. 2024 11:01:57,901 TRACE com.client.gui.LoginController 37 handleLogin - Enter
16 apr. 2024 11:01:58,671 TRACE com.client.gui.LoginController 55 handleLogin - Exit
16 apr. 2024 11:04:02,941 TRACE com.client.gui.LoginController 37 handleLogin - Enter
16 apr. 2024 11:04:03,688 TRACE com.client.gui.LoginController 55 handleLogin - Exit
16 apr. 2024 11:27:18,417 TRACE com.client.gui.LoginController 37 handleLogin - Enter
16 apr. 2024 11:27:19,182 TRACE com.client.gui.LoginController 55 handleLogin - Exit
16 apr. 2024 11:27:53,896 TRACE com.client.gui.LoginController 37 handleLogin - Enter
16 apr. 2024 11:27:54,361 TRACE com.client.gui.LoginController 55 handleLogin - Exit
16 apr. 2024 11:38:40,501 TRACE com.client.gui.LoginController 37 handleLogin - Enter
16 apr. 2024 11:38:41,259 TRACE com.client.gui.LoginController 55 handleLogin - Exit
16 apr. 2024 11:39:09,852 TRACE com.client.gui.LoginController 37 handleLogin - Enter
16 apr. 2024 11:39:10,312 TRACE com.client.gui.LoginController 55 handleLogin - Exit
16 apr. 2024 11:42:24,952 TRACE com.client.gui.LoginController 37 handleLogin - Enter
16 apr. 2024 11:42:25,677 TRACE com.client.gui.LoginController 55 handleLogin - Exit
16 apr. 2024 11:44:24,056 TRACE com.client.gui.LoginController 37 handleLogin - Enter
16 apr. 2024 11:45:41,129 TRACE com.client.gui.LoginController 37 handleLogin - Enter
16 apr. 2024 11:45:41,880 TRACE com.client.gui.LoginController 55 handleLogin - Exit
29 Oct 2024 21:30:50,804 TRACE com.client.gui.LoginController 37 handleLogin - Enter
29 Oct 2024 21:30:51,336 TRACE com.client.gui.LoginController 55 handleLogin - Exit
20 Nov 2024 21:15:00,312 TRACE com.client.gui.LoginController 37 handleLogin - Enter
20 Nov 2024 21:15:01,468 TRACE com.client.gui.LoginController 55 handleLogin - Exit
20 Nov 2024 21:26:51,110 TRACE com.client.gui.LoginController 37 handleLogin - Enter
20 Nov 2024 21:26:51,403 TRACE com.client.gui.LoginController 55 handleLogin - Exit
20 Nov 2024 21:34:36,363 TRACE com.client.gui.LoginController 37 handleLogin - Enter
20 Nov 2024 21:34:36,573 TRACE com.client.gui.LoginController 55 handleLogin - Exit
20 Nov 2024 21:36:50,758 TRACE com.client.gui.LoginController 37 handleLogin - Enter
20 Nov 2024 21:36:53,939 TRACE com.client.gui.LoginController 37 handleLogin - Enter
20 Nov 2024 21:37:05,426 TRACE com.client.gui.LoginController 37 handleLogin - Enter
20 Nov 2024 21:37:06,568 TRACE com.client.gui.LoginController 37 handleLogin - Enter
20 Nov 2024 21:37:17,265 TRACE com.client.gui.LoginController 37 handleLogin - Enter
20 Nov 2024 21:37:17,838 TRACE com.client.gui.LoginController 37 handleLogin - Enter
20 Nov 2024 21:37:51,905 TRACE com.client.gui.LoginController 37 handleLogin - Enter
20 Nov 2024 21:37:52,488 TRACE com.client.gui.LoginController 55 handleLogin - Exit
16 Mar 2025 16:16:04,020 TRACE com.client.gui.LoginController 37 handleLogin - Enter
16 Mar 2025 16:16:04,897 TRACE com.client.gui.LoginController 55 handleLogin - Exit
